Start testing: Jan 10 18:01 KST
----------------------------------------------------------
1/8 Testing: ProtocolTest
1/8 Test: ProtocolTest
Command: "/Users/jhan_acc/projects/chat_project/C_chat_lib/build/test/protocol_test"
Directory: /Users/jhan_acc/projects/chat_project/C_chat_lib/build/test
"ProtocolTest" start time: Jan 10 18:01 KST
Output:
----------------------------------------------------------

=== Running Test Suite: Protocol Tests ===

Running test: test_frame_message_basic
  [PASS] test_frame_message_basic
Running test: test_frame_message_empty_payload
  [PASS] test_frame_message_empty_payload
Running test: test_frame_message_insufficient_buffer
  [PASS] test_frame_message_insufficient_buffer
Running test: test_frame_message_null_buffer
  [PASS] test_frame_message_null_buffer
Running test: test_parser_init_destroy
  [PASS] test_parser_init_destroy
Running test: test_parser_null_parser
  [PASS] test_parser_null_parser
Running test: test_parse_stream_complete_message
  [PASS] test_parse_stream_complete_message
Running test: test_parse_stream_fragmented_header
  [PASS] test_parse_stream_fragmented_header
Running test: test_parse_stream_empty_payload
  [PASS] test_parse_stream_empty_payload
Running test: test_parse_stream_null_arguments
  [PASS] test_parse_stream_null_arguments

=== Test Summary: Protocol Tests ===
Total:  10
Passed: 10
Failed: 0

✅ All tests passed!

<end of output>
Test time =   0.01 sec
----------------------------------------------------------
Test Passed.
"ProtocolTest" end time: Jan 10 18:01 KST
"ProtocolTest" time elapsed: 00:00:00
----------------------------------------------------------

2/8 Testing: SocketUtilsTest
2/8 Test: SocketUtilsTest
Command: "/Users/jhan_acc/projects/chat_project/C_chat_lib/build/test/socket_utils_test"
Directory: /Users/jhan_acc/projects/chat_project/C_chat_lib/build/test
"SocketUtilsTest" start time: Jan 10 18:01 KST
Output:
----------------------------------------------------------

=== Running Test Suite: Socket Utils Tests ===

Running test: test_create_tcp_socket_success
  [PASS] test_create_tcp_socket_success
Running test: test_create_tcp_socket_multiple
  [PASS] test_create_tcp_socket_multiple
Running test: test_set_socket_reusable_success
  [PASS] test_set_socket_reusable_success
Running test: test_set_socket_reusable_invalid_fd
  [PASS] test_set_socket_reusable_invalid_fd
Running test: test_set_socket_reusable_closed_fd
  [PASS] test_set_socket_reusable_closed_fd
Running test: test_close_socket_success
  [PASS] test_close_socket_success
Running test: test_close_socket_invalid_fd
  [PASS] test_close_socket_invalid_fd
Running test: test_close_socket_already_closed
  [PASS] test_close_socket_already_closed
Running test: test_socket_lifecycle
  [PASS] test_socket_lifecycle
Running test: test_socket_reuse_after_close
  [PASS] test_socket_reuse_after_close
Running test: test_socket_operations_error_handling
  [PASS] test_socket_operations_error_handling

=== Test Summary: Socket Utils Tests ===
Total:  11
Passed: 11
Failed: 0

✅ All tests passed!

<end of output>
Test time =   0.11 sec
----------------------------------------------------------
Test Passed.
"SocketUtilsTest" end time: Jan 10 18:01 KST
"SocketUtilsTest" time elapsed: 00:00:00
----------------------------------------------------------

3/8 Testing: CommandQueueTest
3/8 Test: CommandQueueTest
Command: "/Users/jhan_acc/projects/chat_project/C_chat_lib/build/test/command_queue_test"
Directory: /Users/jhan_acc/projects/chat_project/C_chat_lib/build/test
"CommandQueueTest" start time: Jan 10 18:01 KST
Output:
----------------------------------------------------------

=== Running Test Suite: Command Queue Tests ===

Running test: test_queue_create_destroy
  [PASS] test_queue_create_destroy
Running test: test_queue_push_pop
  [PASS] test_queue_push_pop
Running test: test_queue_multiple_elements
  [PASS] test_queue_multiple_elements
Running test: test_queue_destroy_with_callback
  [PASS] test_queue_destroy_with_callback
Running test: test_queue_null_safety
  [PASS] test_queue_null_safety
Running test: test_queue_fifo_order
  [PASS] test_queue_fifo_order

=== Test Summary: Command Queue Tests ===
Total:  6
Passed: 6
Failed: 0

✅ All tests passed!

<end of output>
Test time =   0.00 sec
----------------------------------------------------------
Test Passed.
"CommandQueueTest" end time: Jan 10 18:01 KST
"CommandQueueTest" time elapsed: 00:00:00
----------------------------------------------------------

4/8 Testing: CommandTest
4/8 Test: CommandTest
Command: "/Users/jhan_acc/projects/chat_project/C_chat_lib/build/test/command_test"
Directory: /Users/jhan_acc/projects/chat_project/C_chat_lib/build/test
"CommandTest" start time: Jan 10 18:01 KST
Output:
----------------------------------------------------------

=== Running Test Suite: Command Tests ===

Running test: test_create_send_command
  [PASS] test_create_send_command
Running test: test_create_send_command_empty_payload
  [PASS] test_create_send_command_empty_payload
Running test: test_create_broadcast_command
  [PASS] test_create_broadcast_command
Running test: test_create_broadcast_command_empty_payload
  [PASS] test_create_broadcast_command_empty_payload
Running test: test_destroy_command_null
  [PASS] test_destroy_command_null
Running test: test_destroy_command_send
  [PASS] test_destroy_command_send
Running test: test_destroy_command_broadcast
  [PASS] test_destroy_command_broadcast
Running test: test_command_large_payload
  [PASS] test_command_large_payload

=== Test Summary: Command Tests ===
Total:  8
Passed: 8
Failed: 0

✅ All tests passed!

<end of output>
Test time =   0.00 sec
----------------------------------------------------------
Test Passed.
"CommandTest" end time: Jan 10 18:01 KST
"CommandTest" time elapsed: 00:00:00
----------------------------------------------------------

5/8 Testing: ProtocolEdgeTest
5/8 Test: ProtocolEdgeTest
Command: "/Users/jhan_acc/projects/chat_project/C_chat_lib/build/test/protocol_edge_test"
Directory: /Users/jhan_acc/projects/chat_project/C_chat_lib/build/test
"ProtocolEdgeTest" start time: Jan 10 18:01 KST
Output:
----------------------------------------------------------

=== Running Test Suite: Protocol Edge Cases Tests ===

Running test: test_frame_message_max_payload
  [PASS] test_frame_message_max_payload
Running test: test_frame_message_zero_length
  [PASS] test_frame_message_zero_length
Running test: test_frame_message_exact_buffer_size
  [PASS] test_frame_message_exact_buffer_size
Running test: test_frame_message_one_byte_too_small
  [PASS] test_frame_message_one_byte_too_small
Running test: test_parse_stream_max_size_payload
  [PASS] test_parse_stream_max_size_payload
Running test: test_parse_stream_fragmented_large_payload
  [PASS] test_parse_stream_fragmented_large_payload
Running test: test_frame_message_null_payload_with_length
  [PASS] test_frame_message_null_payload_with_length
Running test: test_parse_stream_partial_header
  [PASS] test_parse_stream_partial_header
Running test: test_parse_stream_invalid_length
  [PASS] test_parse_stream_invalid_length

=== Test Summary: Protocol Edge Cases Tests ===
Total:  9
Passed: 9
Failed: 0

✅ All tests passed!

<end of output>
Test time =   0.00 sec
----------------------------------------------------------
Test Passed.
"ProtocolEdgeTest" end time: Jan 10 18:01 KST
"ProtocolEdgeTest" time elapsed: 00:00:00
----------------------------------------------------------

6/8 Testing: CommandEdgeTest
6/8 Test: CommandEdgeTest
Command: "/Users/jhan_acc/projects/chat_project/C_chat_lib/build/test/command_edge_test"
Directory: /Users/jhan_acc/projects/chat_project/C_chat_lib/build/test
"CommandEdgeTest" start time: Jan 10 18:01 KST
Output:
----------------------------------------------------------

=== Running Test Suite: Command Edge Cases Tests ===

Running test: test_create_send_command_max_client_fd
  [PASS] test_create_send_command_max_client_fd
Running test: test_create_send_command_zero_fd
  [PASS] test_create_send_command_zero_fd
Running test: test_create_broadcast_command_negative_exclude
  [PASS] test_create_broadcast_command_negative_exclude
Running test: test_create_command_large_payload
  [PASS] test_create_command_large_payload
Running test: test_create_command_all_message_types
  [PASS] test_create_command_all_message_types
Running test: test_destroy_command_null_safety
  [PASS] test_destroy_command_null_safety
Running test: test_create_send_command_null_payload_with_length
  [PASS] test_create_send_command_null_payload_with_length
Running test: test_create_multiple_commands
  [PASS] test_create_multiple_commands
Running test: test_command_payload_exact_size
  [PASS] test_command_payload_exact_size

=== Test Summary: Command Edge Cases Tests ===
Total:  9
Passed: 9
Failed: 0

✅ All tests passed!

<end of output>
Test time =   0.00 sec
----------------------------------------------------------
Test Passed.
"CommandEdgeTest" end time: Jan 10 18:01 KST
"CommandEdgeTest" time elapsed: 00:00:00
----------------------------------------------------------

7/8 Testing: EchoTest
7/8 Test: EchoTest
Command: "/Users/jhan_acc/projects/chat_project/C_chat_lib/build/test/echo_test"
Directory: /Users/jhan_acc/projects/chat_project/C_chat_lib/build/test
"EchoTest" start time: Jan 10 18:01 KST
Output:
----------------------------------------------------------
--- Starting Server ---

--- Starting Client ---
[Server] Client 127.0.0.1 (fd: 11) connected.

--- Running Test ---
[Client] Sending test message: Hello, Echo Test!

--- Waiting for Response (max 5 seconds) ---
[Server] Received from client 11: Hello, Echo Test!
[Server] Echoing back to client 11...
[Client] Received from server: Hello, Echo Test!
[Client] <<< Test PASSED: Echo message matches original. >>>
client_start_chat : shutdown flag received via pipe.client_start_chat : client chat loop has been terminated.
--- Verifying and Tearing Down ---

✅ All tests passed successfully!
<end of output>
Test time =   3.43 sec
----------------------------------------------------------
Test Passed.
"EchoTest" end time: Jan 10 18:01 KST
"EchoTest" time elapsed: 00:00:03
----------------------------------------------------------

8/8 Testing: ClientServerIntegrationTest
8/8 Test: ClientServerIntegrationTest
Command: "/Users/jhan_acc/projects/chat_project/C_chat_lib/build/test/client_server_integration_test"
Directory: /Users/jhan_acc/projects/chat_project/C_chat_lib/build/test
"ClientServerIntegrationTest" start time: Jan 10 18:01 KST
Output:
----------------------------------------------------------

=== Running Test Suite: Client-Server Integration Tests ===

Running test: test_multiple_clients_connection
client_start_chat : shutdown flag received via pipe.client_start_chat : client chat loop has been terminated.client_start_chat : shutdown flag received via pipe.client_start_chat : client chat loop has been terminated.client_start_chat : shutdown flag received via pipe.client_start_chat : client chat loop has been terminated.client_start_chat : shutdown flag received via pipe.client_start_chat : client chat loop has been terminated.client_start_chat : shutdown flag received via pipe.client_start_chat : client chat loop has been terminated.  [PASS] test_multiple_clients_connection
Running test: test_server_max_clients_limit
  [PASS] test_server_max_clients_limit

=== Test Summary: Client-Server Integration Tests ===
Total:  2
Passed: 2
Failed: 0

✅ All tests passed!

<end of output>
Test time =   6.91 sec
----------------------------------------------------------
Test Passed.
"ClientServerIntegrationTest" end time: Jan 10 18:01 KST
"ClientServerIntegrationTest" time elapsed: 00:00:06
----------------------------------------------------------

End testing: Jan 10 18:01 KST
